<?xml version="1.0" encoding="UTF-8"?>
<!-- Generated by org.testng.reporters.JUnitReportReporter -->
<testsuite skipped="0" hostname="CO-IT01517" name="com.globant.web.tests.TraveloFlightBookingTest" tests="3" failures="0" timestamp="30 Jun 2020 18:19:58 GMT" time="51.604" errors="0">
  <testcase name="searchFlightAndVerifyResult" time="23.110" classname="com.globant.web.tests.TraveloFlightBookingTest"/>
  <testcase name="selectFlightsAndGoDetails" time="20.484" classname="com.globant.web.tests.TraveloFlightBookingTest"/>
  <testcase name="gotoBookingValidationAndPassengerInfo" time="8.010" classname="com.globant.web.tests.TraveloFlightBookingTest"/>
</testsuite> <!-- com.globant.web.test.TraveloFlightBookingTest -->
