<?xml version="1.0" encoding="UTF-8"?>
<!-- Generated by org.testng.reporters.JUnitReportReporter -->
<testsuite skipped="0" hostname="CO-00000220" name="com.espn.test.TestLogOutESPN" tests="1" failures="0" timestamp="25 may 2020 13:42:52 GMT" time="0.004" errors="0">
  <testcase name="LogOutTest" time="0.004" classname="com.espn.test.TestLogOutESPN"/>
</testsuite> <!-- com.espn.test.TestLogOutESPN -->
