<?xml version="1.0" encoding="UTF-8"?>
<!-- Generated by org.testng.reporters.JUnitReportReporter -->
<testsuite skipped="0" hostname="CO-00000220" name="com.espn.test.TestLoginESPN" tests="1" failures="0" timestamp="25 may 2020 13:42:52 GMT" time="0.010" errors="0">
  <testcase name="LogInTest" time="0.010" classname="com.espn.test.TestLoginESPN"/>
</testsuite> <!-- com.espn.test.TestLoginESPN -->
